index.html:122 Live reload enabled.
document.getElementsByTagName("div")
HTMLCollection(8) [div.container, div.form-group, div.form-group, div.form-group, div.form-group, div.form-group, div.form-group, div]
document.getElementById('name')
<input class=​"form-control" id=​"name" type=​"text" placeholder=​"Type Name Here">​
document.getElementById('name').innerText
''
var i =document.getElementById('name').innerText
undefined
var i =document.getElementById('name').value
undefined
i
'priya sharma'
document.getElementsByClassName('text-center alert-info').innerText
undefined
document.getElementsByClassName('text-center alert-info').value
undefined
history
History {length: 1, scrollRestoration: 'auto', state: null}
history.back()
undefined
