sync-axelmark-dsp.focas.jp/sync/bsw?bidswitch_ssp_id=themediagrid:1 
        
        
       Failed to load resource: net::ERR_CERT_COMMON_NAME_INVALID
Chrome is moving towards a new experience that lets people make an informed choice with respect to third-party cookies.
Chrome is moving towards a new experience that lets people make an informed choice with respect to third-party cookies.
Chrome is moving towards a new experience that lets people make an informed choice with respect to third-party cookies.
Chrome is moving towards a new experience that lets people make an informed choice with respect to third-party cookies.
Chrome is moving towards a new experience that lets people make an informed choice with respect to third-party cookies.
Chrome is moving towards a new experience that lets people make an informed choice with respect to third-party cookies.
Chrome is moving towards a new experience that lets people make an informed choice with respect to third-party cookies.
Chrome is moving towards a new experience that lets people make an informed choice with respect to third-party cookies.
Chrome is moving towards a new experience that lets people make an informed choice with respect to third-party cookies.
Chrome is moving towards a new experience that lets people make an informed choice with respect to third-party cookies.
Chrome is moving towards a new experience that lets people make an informed choice with respect to third-party cookies.
Chrome is moving towards a new experience that lets people make an informed choice with respect to third-party cookies.
Chrome is moving towards a new experience that lets people make an informed choice with respect to third-party cookies.
Chrome is moving towards a new experience that lets people make an informed choice with respect to third-party cookies.
Chrome is moving towards a new experience that lets people make an informed choice with respect to third-party cookies.
Chrome is moving towards a new experience that lets people make an informed choice with respect to third-party cookies.
Chrome is moving towards a new experience that lets people make an informed choice with respect to third-party cookies.
Chrome is moving towards a new experience that lets people make an informed choice with respect to third-party cookies.
Chrome is moving towards a new experience that lets people make an informed choice with respect to third-party cookies.
Chrome is moving towards a new experience that lets people make an informed choice with respect to third-party cookies.
Chrome is moving towards a new experience that lets people make an informed choice with respect to third-party cookies.
Chrome is moving towards a new experience that lets people make an informed choice with respect to third-party cookies.
Chrome is moving towards a new experience that lets people make an informed choice with respect to third-party cookies.
Chrome is moving towards a new experience that lets people make an informed choice with respect to third-party cookies.
Chrome is moving towards a new experience that lets people make an informed choice with respect to third-party cookies.
Chrome is moving towards a new experience that lets people make an informed choice with respect to third-party cookies.
Chrome is moving towards a new experience that lets people make an informed choice with respect to third-party cookies.
Chrome is moving towards a new experience that lets people make an informed choice with respect to third-party cookies.
Chrome is moving towards a new experience that lets people make an informed choice with respect to third-party cookies.
Chrome is moving towards a new experience that lets people make an informed choice with respect to third-party cookies.
Chrome is moving towards a new experience that lets people make an informed choice with respect to third-party cookies.
Chrome is moving towards a new experience that lets people make an informed choice with respect to third-party cookies.
location
Location {ancestorOrigins: DOMStringList, href: 'https://www.w3schools.com/jsref/met_element_queryselectorall.asp', origin: 'https://www.w3schools.com', protocol: 'https:', host: 'www.w3schools.com', …}
location.href
'https://www.w3schools.com/jsref/met_element_queryselectorall.asp'
location.hostname
'www.w3schools.com'
screen
Screen {availWidth: 1536, availHeight: 816, width: 1536, height: 864, colorDepth: 24, …}
screen.height
864
screen.width
1536
history
History {length: 6, scrollRestoration: 'auto', state: null, pushState: ƒ, replaceState: ƒ}
