const URL='https://api.giphy.com/v1/gifs/search?api_key=jsmHPzM8CES6kvJpzAGRGHGXVAP3KjWx&q=ironman&limit=5'
undefined
const promise= fetch(URL);
undefined
promise
Promise {<fulfilled>: Response}[[Prototype]]: Promise[[PromiseState]]: "fulfilled"[[PromiseResult]]: Response
const promise= fetch(URL);
undefined
promise
Promise {<fulfilled>: Response}
promise.then(response=>{
    console.log(response);
}).catch(err=>console.log(err));
VM425:2 Response {type: 'cors', url: 'https://api.giphy.com/v1/gifs/search?api_key=jsmHPzM8CES6kvJpzAGRGHGXVAP3KjWx&q=ironman&limit=5', redirected: false, status: 200, ok: true, …}body: (...)bodyUsed: falseheaders: Headers[[Prototype]]: Headersok: trueredirected: falsestatus: 200statusText: ""type: "cors"url: "https://api.giphy.com/v1/gifs/search?api_key=jsmHPzM8CES6kvJpzAGRGHGXVAP3KjWx&q=ironman&limit=5"[[Prototype]]: Response
Promise {<fulfilled>: undefined}
promise.then(response=>{
    console.log(response.body);
}).catch(err=>console.log(err));
VM451:2 ReadableStream {locked: false}locked: false[[Prototype]]: ReadableStream
Promise {<fulfilled>: undefined}
promise.then(response=>{
    console.log(JSON.parse(response));
}).catch(err=>console.log(err));
VM507:3 SyntaxError: Unexpected token 'o', "[object Response]" is not valid JSON
    at JSON.parse (<anonymous>)
    at <anonymous>:2:22
Promise {<fulfilled>: undefined}
promise.then(data=>{
    console.log(data.json().then(d=>console.log(d)).catch(err=>console.log(err)));
}).catch(err=>console.log(err));
VM762:2 Promise {<pending>}[[Prototype]]: Promise[[PromiseState]]: "fulfilled"[[PromiseResult]]: undefined
Promise {<fulfilled>: undefined}
VM762:2 {data: Array(5), meta: {…}, pagination: {…}}data: (5) [{…}, {…}, {…}, {…}, {…}]0: {type: 'gif', id: '8xomIW1DRelmo', url: 'https://giphy.com/gifs/marvel-avengers-8xomIW1DRelmo', slug: 'marvel-avengers-8xomIW1DRelmo', bitly_gif_url: 'http://gph.is/140FtJU', …}1: {type: 'gif', id: '6n8QfoQhIoKWR9uLt5', url: 'https://giphy.com/gifs/man-marvel-iron-6n8QfoQhIoKWR9uLt5', slug: 'man-marvel-iron-6n8QfoQhIoKWR9uLt5', bitly_gif_url: 'https://gph.is/g/E1LYYW1', …}2: {type: 'gif', id: '2cleOD8vjmCWY', url: 'https://giphy.com/gifs/iron-man-ironman-2cleOD8vjmCWY', slug: 'iron-man-ironman-2cleOD8vjmCWY', bitly_gif_url: 'http://gph.is/12DEz9L', …}3: {type: 'gif', id: '3Kt9l1Xy9f5e1lyCyk', url: 'https://giphy.com/gifs/unlimitedsportsbrasil-unlimited-ironman-ironmanbrasil-3Kt9l1Xy9f5e1lyCyk', slug: 'unlimitedsportsbrasil-unlimited-ironman-ironmanbrasil-3Kt9l1Xy9f5e1lyCyk', bitly_gif_url: 'https://gph.is/g/4ALroMN', …}4: {type: 'gif', id: 'WwBhaiYKN4MjfOewFG', url: 'https://giphy.com/gifs/iron-birmingham-WwBhaiYKN4MjfOewFG', slug: 'iron-birmingham-WwBhaiYKN4MjfOewFG', bitly_gif_url: 'https://gph.is/g/maKx13Z', …}length: 5[[Prototype]]: Array(0)meta: {status: 200, msg: 'OK', response_id: 'rdpj5k38z18yu5vyjt6aajne28trtn0h2zkxpzaf'}pagination: {total_count: 352, count: 5, offset: 0}[[Prototype]]: Object
promise.then(data=>{
    console.log(data.json().then(d=>{
        console.log(d);
        console.log(d.data.map((e)=>{
            console.log(e.url);
        }))
    }).catch(err=>console.log(err)));
}).catch(err=>console.log(err));
VM1015:2 Promise {<pending>}
VM1015:7 TypeError: Failed to execute 'json' on 'Response': body stream already read
    at <anonymous>:2:22
Promise {<fulfilled>: undefined}
const promise= fetch(URL);
undefined
promise.then(data=>{
    console.log(data.json().then(d=>{
        console.log(d);
        console.log(d.data.map((e)=>{
            console.log(e.url);
        }))
    }).catch(err=>console.log(err)));
}).catch(err=>console.log(err));
VM1034:2 Promise {<pending>}
Promise {<fulfilled>: undefined}
VM1034:3 {data: Array(5), meta: {…}, pagination: {…}}
VM1034:5 https://giphy.com/gifs/marvel-avengers-8xomIW1DRelmo
VM1034:5 https://giphy.com/gifs/man-marvel-iron-6n8QfoQhIoKWR9uLt5
VM1034:5 https://giphy.com/gifs/iron-man-ironman-2cleOD8vjmCWY
VM1034:5 https://giphy.com/gifs/unlimitedsportsbrasil-unlimited-ironman-ironmanbrasil-3Kt9l1Xy9f5e1lyCyk
VM1034:5 https://giphy.com/gifs/iron-birmingham-WwBhaiYKN4MjfOewFG
VM1034:4 (5) [undefined, undefined, undefined, undefined, undefined]
const options={
    method:'POST',
    headers:{
        'Content-type':'application/json'
    },
    body:JSON.stringify({id:1001,username:'priyaaa',phoneNo:9886766575})
}
undefined
document.createElement('h1')
<h1>​</h1>​
var hiTag=document.createElement('h1')
undefined
hiTag.innerText='this is a heading'
'this is a heading'
var hiTag=document.createElement('a')
undefined
hiTag.innerText='this is a link'
'this is a link'
hiTag.href='www.google.com'
'www.google.com'
var maindiv = document.createElement('div')
undefined
var hiTag=document.createElement('a')
undefined
hiTag.href='www.google.com'
'www.google.com'
maindiv.appendChild(hiTag)
<a href=​"www.google.com">​</a>​
